<?xml version="1.0" encoding="UTF-8"?>
<!-- Generated by org.testng.reporters.JUnitXMLReporter -->
<testsuite ignored="6" hostname="Suyogs-MacBook-Pro.local" failures="0" tests="3" name="myTest" time="0.06" errors="0" timestamp="2024-05-26T12:45:48 IST">
  <testcase classname="TestNG.Grouping" name="signupByFacebook" time="0.011"/>
  <testcase classname="TestNG.Grouping" name="signupByTwitter" time="0.003"/>
  <testcase classname="TestNG.Grouping" name="paymentReturnbyBank" time="0.002"/>
  <testcase classname="TestNG.Grouping" name="paymentinDollar" time="0.0">
    <ignored/>
  </testcase> <!-- paymentinDollar -->
  <testcase classname="TestNG.Grouping" name="paymentinRupees" time="0.0">
    <ignored/>
  </testcase> <!-- paymentinRupees -->
  <testcase classname="TestNG.Grouping" name="loginByEmail" time="0.0">
    <ignored/>
  </testcase> <!-- loginByEmail -->
  <testcase classname="TestNG.Grouping" name="loginByTwitter" time="0.0">
    <ignored/>
  </testcase> <!-- loginByTwitter -->
  <testcase classname="TestNG.Grouping" name="loginByFacebook" time="0.0">
    <ignored/>
  </testcase> <!-- loginByFacebook -->
  <testcase classname="TestNG.Grouping" name="signupByEmail" time="0.0">
    <ignored/>
  </testcase> <!-- signupByEmail -->
</testsuite> <!-- myTest -->
