<?xml version="1.0" encoding="UTF-8"?>
<!-- Generated by org.testng.reporters.JUnitXMLReporter -->
<testsuite ignored="0" hostname="Suyogs-MacBook-Pro.local" failures="0" tests="3" name="Default test" time="38.801" errors="0" timestamp="2024-05-28T00:23:02 IST">
  <testcase classname="TestNG.Listener.NopCommerceExtendsReport" name="testlogo" time="3.7"/>
  <testcase classname="TestNG.Listener.NopCommerceExtendsReport" name="testlogin" time="16.507"/>
  <testcase classname="TestNG.Listener.NopCommerceExtendsReport" name="logout" time="6.532"/>
</testsuite> <!-- Default test -->
