<?xml version="1.0" encoding="UTF-8"?>
<!-- Generated by org.testng.reporters.JUnitXMLReporter -->
<testsuite ignored="0" hostname="Suyogs-MacBook-Pro.local" failures="0" tests="10" name="Default test" time="0.09" errors="0" timestamp="2024-06-24T15:00:09 IST">
  <testcase classname="TestNG.InvocaTionCount" name="test" time="0.012"/>
  <testcase classname="TestNG.InvocaTionCount" name="test" time="0.002"/>
  <testcase classname="TestNG.InvocaTionCount" name="test" time="0.003"/>
  <testcase classname="TestNG.InvocaTionCount" name="test" time="0.001"/>
  <testcase classname="TestNG.InvocaTionCount" name="test" time="0.0"/>
  <testcase classname="TestNG.InvocaTionCount" name="test" time="0.001"/>
  <testcase classname="TestNG.InvocaTionCount" name="test" time="0.006"/>
  <testcase classname="TestNG.InvocaTionCount" name="test" time="0.002"/>
  <testcase classname="TestNG.InvocaTionCount" name="test" time="0.002"/>
  <testcase classname="TestNG.InvocaTionCount" name="test" time="0.003"/>
</testsuite> <!-- Default test -->
