<?xml version="1.0" encoding="UTF-8"?>
<!-- Generated by org.testng.reporters.JUnitXMLReporter -->
<testsuite ignored="0" hostname="Suyogs-MacBook-Pro.local" failures="1" tests="3" name="Test" time="0.056" errors="0" timestamp="2024-05-27T23:47:25 IST">
  <testcase classname="TestNG.Listener.MyTest" name="test1" time="0.011"/>
  <testcase classname="TestNG.Listener.MyTest" name="test2" time="0.002">
    <failure type="java.lang.AssertionError" message="expected [B] but found [A]">
      <![CDATA[java.lang.AssertionError: expected [B] but found [A]
at TestNG.Listener.MyTest.test2(MyTest.java:18)
at java.base/java.util.ArrayList.forEach(ArrayList.java:1511)
... Removed 33 stack frames]]>
    </failure>
  </testcase> <!-- test2 -->
  <testcase classname="TestNG.Listener.MyTest" name="test3" time="0.0">
    <skipped/>
  </testcase> <!-- test3 -->
</testsuite> <!-- Test -->
