<?xml version="1.0" encoding="UTF-8"?>
<!-- Generated by org.testng.reporters.JUnitXMLReporter -->
<testsuite ignored="0" hostname="Suyogs-MacBook-Pro.local" failures="1" tests="2" name="Test" time="37.975" errors="0" timestamp="2024-05-26T23:45:37 IST">
  <testcase classname="TestNG.ParamTest" name="testhomepagelogo" time="0.04">
    <failure type="java.lang.AssertionError" message="OrangeHRM expected:&amp;lt;OrangeHRM&amp;gt; but was:&amp;lt;Title not Same&amp;gt;">
      <![CDATA[java.lang.AssertionError: OrangeHRM expected:<OrangeHRM> but was:<Title not Same>
at TestNG.ParamTest.testhomepagelogo(ParamTest.java:64)
at java.base/java.util.ArrayList.forEach(ArrayList.java:1511)
... Removed 28 stack frames]]>
    </failure>
  </testcase> <!-- testhomepagelogo -->
  <testcase classname="TestNG.ParamTest" name="testlogo" time="7.042"/>
</testsuite> <!-- Test -->
