<?xml version="1.0" encoding="UTF-8"?>
<testng-results ignored="0" total="10" passed="10" failed="0" skipped="0">
  <reporter-output>
  </reporter-output>
  <suite started-at="2024-06-24T15:00:09 IST" name="Default suite" finished-at="2024-06-24T15:00:09 IST" duration-ms="90">
    <groups>
    </groups>
    <test started-at="2024-06-24T15:00:09 IST" name="Default test" finished-at="2024-06-24T15:00:09 IST" duration-ms="90">
      <class name="TestNG.InvocaTionCount">
        <test-method signature="test()[pri:0, instance:TestNG.InvocaTionCount@71def8f8]" started-at="2024-06-24T15:00:09 IST" name="test" finished-at="2024-06-24T15:00:09 IST" duration-ms="12" status="PASS">
          <reporter-output>
          </reporter-output>
        </test-method> <!-- test -->
        <test-method signature="test()[pri:0, instance:TestNG.InvocaTionCount@71def8f8]" started-at="2024-06-24T15:00:09 IST" name="test" finished-at="2024-06-24T15:00:09 IST" duration-ms="2" status="PASS">
          <reporter-output>
          </reporter-output>
        </test-method> <!-- test -->
        <test-method signature="test()[pri:0, instance:TestNG.InvocaTionCount@71def8f8]" started-at="2024-06-24T15:00:09 IST" name="test" finished-at="2024-06-24T15:00:09 IST" duration-ms="3" status="PASS">
          <reporter-output>
          </reporter-output>
        </test-method> <!-- test -->
        <test-method signature="test()[pri:0, instance:TestNG.InvocaTionCount@71def8f8]" started-at="2024-06-24T15:00:09 IST" name="test" finished-at="2024-06-24T15:00:09 IST" duration-ms="1" status="PASS">
          <reporter-output>
          </reporter-output>
        </test-method> <!-- test -->
        <test-method signature="test()[pri:0, instance:TestNG.InvocaTionCount@71def8f8]" started-at="2024-06-24T15:00:09 IST" name="test" finished-at="2024-06-24T15:00:09 IST" duration-ms="0" status="PASS">
          <reporter-output>
          </reporter-output>
        </test-method> <!-- test -->
        <test-method signature="test()[pri:0, instance:TestNG.InvocaTionCount@71def8f8]" started-at="2024-06-24T15:00:09 IST" name="test" finished-at="2024-06-24T15:00:09 IST" duration-ms="1" status="PASS">
          <reporter-output>
          </reporter-output>
        </test-method> <!-- test -->
        <test-method signature="test()[pri:0, instance:TestNG.InvocaTionCount@71def8f8]" started-at="2024-06-24T15:00:09 IST" name="test" finished-at="2024-06-24T15:00:09 IST" duration-ms="6" status="PASS">
          <reporter-output>
          </reporter-output>
        </test-method> <!-- test -->
        <test-method signature="test()[pri:0, instance:TestNG.InvocaTionCount@71def8f8]" started-at="2024-06-24T15:00:09 IST" name="test" finished-at="2024-06-24T15:00:09 IST" duration-ms="2" status="PASS">
          <reporter-output>
          </reporter-output>
        </test-method> <!-- test -->
        <test-method signature="test()[pri:0, instance:TestNG.InvocaTionCount@71def8f8]" started-at="2024-06-24T15:00:09 IST" name="test" finished-at="2024-06-24T15:00:09 IST" duration-ms="2" status="PASS">
          <reporter-output>
          </reporter-output>
        </test-method> <!-- test -->
        <test-method signature="test()[pri:0, instance:TestNG.InvocaTionCount@71def8f8]" started-at="2024-06-24T15:00:09 IST" name="test" finished-at="2024-06-24T15:00:09 IST" duration-ms="3" status="PASS">
          <reporter-output>
          </reporter-output>
        </test-method> <!-- test -->
      </class> <!-- TestNG.InvocaTionCount -->
    </test> <!-- Default test -->
  </suite> <!-- Default suite -->
</testng-results>
